  pch.cpp
  Direct3DInterop.cpp
  Direct3DBase.cpp
  Direct3DContentProvider.cpp
  ElectricObject.cpp
  ElectricObjectManager.cpp
  MagneticObject.cpp
  Puck.cpp
  Renderer.cpp
Puck.cpp(6): warning C4305: 'argument' : truncation from 'double' to 'float'
MagneticObject.cpp(28): warning C4305: '=' : truncation from 'double' to 'float'
ElectricObjectManager.cpp(39): warning C4018: '<' : signed/unsigned mismatch
ElectricObjectManager.cpp(55): warning C4018: '<' : signed/unsigned mismatch
ElectricObjectManager.cpp(86): warning C4244: 'initializing' : conversion from 'float' to 'int', possible loss of data
  Slider.cpp
ElectricObjectManager.cpp(89): warning C4305: 'argument' : truncation from 'double' to 'float'
  Sprite.cpp
  Spritesheet.cpp
Slider.cpp(21): warning C4244: '=' : conversion from 'int' to 'float', possible loss of data
Slider.cpp(39): warning C4244: 'return' : conversion from 'float' to 'int', possible loss of data
Sprite.cpp(83): warning C4244: '=' : conversion from 'double' to 'int', possible loss of data
Sprite.cpp(108): warning C4244: '=' : conversion from 'double' to 'int', possible loss of data
Sprite.cpp(141): warning C4244: '=' : conversion from 'float' to 'LONG', possible loss of data
Sprite.cpp(142): warning C4244: '=' : conversion from 'float' to 'LONG', possible loss of data
Sprite.cpp(143): warning C4244: '=' : conversion from 'float' to 'LONG', possible loss of data
Sprite.cpp(144): warning C4244: '=' : conversion from 'float' to 'LONG', possible loss of data
Sprite.cpp(148): warning C4244: 'argument' : conversion from 'double' to 'float', possible loss of data
Spritesheet.cpp(24): warning C4244: 'argument' : conversion from 'float' to 'int', possible loss of data
Spritesheet.cpp(39): warning C4244: 'argument' : conversion from 'float' to 'int', possible loss of data
c:\users\patrick\documents\visual studio 2013\projects\electromagnetismproject\electromagnetismproject\electromagnetismprojectcomp\slider.cpp(48): warning C4715: 'Slider::calculateDivot' : not all control paths return a value
  VectorBoard.cpp
  VectorCell.cpp
Renderer.cpp(34): warning C4305: '=' : truncation from 'double' to 'float'
Renderer.cpp(39): warning C4244: 'argument' : conversion from 'int' to 'float', possible loss of data
Renderer.cpp(45): warning C4305: 'argument' : truncation from 'double' to 'float'
Renderer.cpp(48): warning C4305: 'argument' : truncation from 'double' to 'float'
Renderer.cpp(53): warning C4305: 'argument' : truncation from 'double' to 'float'
Renderer.cpp(55): warning C4305: 'argument' : truncation from 'double' to 'float'
Renderer.cpp(62): warning C4305: 'argument' : truncation from 'double' to 'float'
Renderer.cpp(77): warning C4305: 'initializing' : truncation from 'double' to 'float'
Renderer.cpp(121): warning C4305: 'initializing' : truncation from 'double' to 'const float'
VectorCell.cpp(28): warning C4244: 'initializing' : conversion from 'double' to 'float', possible loss of data
VectorBoard.cpp(19): warning C4305: 'argument' : truncation from 'double' to 'float'
VectorBoard.cpp(28): warning C4018: '<' : signed/unsigned mismatch
VectorBoard.cpp(29): warning C4018: '<' : signed/unsigned mismatch
VectorBoard.cpp(38): warning C4018: '<' : signed/unsigned mismatch
VectorBoard.cpp(39): warning C4018: '<' : signed/unsigned mismatch
VectorBoard.cpp(47): warning C4018: '<' : signed/unsigned mismatch
VectorBoard.cpp(48): warning C4018: '<' : signed/unsigned mismatch
VectorBoard.cpp(61): warning C4244: 'initializing' : conversion from 'float' to 'int', possible loss of data
VectorBoard.cpp(62): warning C4018: '<' : signed/unsigned mismatch
VectorBoard.cpp(64): warning C4244: 'initializing' : conversion from 'float' to 'int', possible loss of data
VectorBoard.cpp(66): warning C4018: '<' : signed/unsigned mismatch
VectorBoard.cpp(72): warning C4018: '>' : signed/unsigned mismatch
VectorBoard.cpp(73): warning C4018: '>' : signed/unsigned mismatch
VectorBoard.cpp(100): warning C4018: '<' : signed/unsigned mismatch
VectorBoard.cpp(101): warning C4018: '<' : signed/unsigned mismatch
     Creating library C:\Users\patrick\Documents\Visual Studio 2013\Projects\ElectromagnetismProject\ARM\Debug\ElectromagnetismProjectComp\ElectromagnetismProjectComp.lib and object C:\Users\patrick\Documents\Visual Studio 2013\Projects\ElectromagnetismProject\ARM\Debug\ElectromagnetismProjectComp\ElectromagnetismProjectComp.exp
  ElectromagnetismProjectComp.vcxproj -> C:\Users\patrick\Documents\Visual Studio 2013\Projects\ElectromagnetismProject\ARM\Debug\ElectromagnetismProjectComp\ElectromagnetismProjectComp.dll
