  pch.cpp
  Direct3DInterop.cpp
  Direct3DBase.cpp
  Direct3DContentProvider.cpp
  ElectricObject.cpp
  ElectricObjectManager.cpp
  MagneticObject.cpp
  Puck.cpp
  Renderer.cpp
c:\users\patrick\documents\visual studio 2013\projects\electromagnetismproject\electromagnetismproject\electromagnetismprojectcomp\magneticobject.cpp(28): warning C4305: '=' : truncation from 'double' to 'float'
c:\users\patrick\documents\visual studio 2013\projects\electromagnetismproject\electromagnetismproject\electromagnetismprojectcomp\puck.cpp(6): warning C4305: 'argument' : truncation from 'double' to 'float'
c:\users\patrick\documents\visual studio 2013\projects\electromagnetismproject\electromagnetismproject\electromagnetismprojectcomp\electricobjectmanager.cpp(39): warning C4018: '<' : signed/unsigned mismatch
c:\users\patrick\documents\visual studio 2013\projects\electromagnetismproject\electromagnetismproject\electromagnetismprojectcomp\electricobjectmanager.cpp(55): warning C4018: '<' : signed/unsigned mismatch
c:\users\patrick\documents\visual studio 2013\projects\electromagnetismproject\electromagnetismproject\electromagnetismprojectcomp\electricobjectmanager.cpp(86): warning C4244: 'initializing' : conversion from 'float' to 'int', possible loss of data
c:\users\patrick\documents\visual studio 2013\projects\electromagnetismproject\electromagnetismproject\electromagnetismprojectcomp\electricobjectmanager.cpp(89): warning C4305: 'argument' : truncation from 'double' to 'float'
  Slider.cpp
  Sprite.cpp
  Spritesheet.cpp
c:\users\patrick\documents\visual studio 2013\projects\electromagnetismproject\electromagnetismproject\electromagnetismprojectcomp\slider.cpp(21): warning C4244: '=' : conversion from 'int' to 'float', possible loss of data
c:\users\patrick\documents\visual studio 2013\projects\electromagnetismproject\electromagnetismproject\electromagnetismprojectcomp\slider.cpp(39): warning C4244: 'return' : conversion from 'float' to 'int', possible loss of data
c:\users\patrick\documents\visual studio 2013\projects\electromagnetismproject\electromagnetismproject\electromagnetismprojectcomp\spritesheet.cpp(24): warning C4244: 'argument' : conversion from 'float' to 'int', possible loss of data
  VectorBoard.cpp
c:\users\patrick\documents\visual studio 2013\projects\electromagnetismproject\electromagnetismproject\electromagnetismprojectcomp\spritesheet.cpp(39): warning C4244: 'argument' : conversion from 'float' to 'int', possible loss of data
c:\users\patrick\documents\visual studio 2013\projects\electromagnetismproject\electromagnetismproject\electromagnetismprojectcomp\sprite.cpp(83): warning C4244: '=' : conversion from 'double' to 'int', possible loss of data
c:\users\patrick\documents\visual studio 2013\projects\electromagnetismproject\electromagnetismproject\electromagnetismprojectcomp\sprite.cpp(108): warning C4244: '=' : conversion from 'double' to 'int', possible loss of data
c:\users\patrick\documents\visual studio 2013\projects\electromagnetismproject\electromagnetismproject\electromagnetismprojectcomp\sprite.cpp(141): warning C4244: '=' : conversion from 'float' to 'LONG', possible loss of data
c:\users\patrick\documents\visual studio 2013\projects\electromagnetismproject\electromagnetismproject\electromagnetismprojectcomp\sprite.cpp(142): warning C4244: '=' : conversion from 'float' to 'LONG', possible loss of data
c:\users\patrick\documents\visual studio 2013\projects\electromagnetismproject\electromagnetismproject\electromagnetismprojectcomp\sprite.cpp(143): warning C4244: '=' : conversion from 'float' to 'LONG', possible loss of data
c:\users\patrick\documents\visual studio 2013\projects\electromagnetismproject\electromagnetismproject\electromagnetismprojectcomp\sprite.cpp(144): warning C4244: '=' : conversion from 'float' to 'LONG', possible loss of data
c:\users\patrick\documents\visual studio 2013\projects\electromagnetismproject\electromagnetismproject\electromagnetismprojectcomp\sprite.cpp(148): warning C4244: 'argument' : conversion from 'double' to 'float', possible loss of data
c:\users\patrick\documents\visual studio 2013\projects\electromagnetismproject\electromagnetismproject\electromagnetismprojectcomp\renderer.cpp(34): warning C4305: '=' : truncation from 'double' to 'float'
c:\users\patrick\documents\visual studio 2013\projects\electromagnetismproject\electromagnetismproject\electromagnetismprojectcomp\renderer.cpp(39): warning C4244: 'argument' : conversion from 'int' to 'float', possible loss of data
c:\users\patrick\documents\visual studio 2013\projects\electromagnetismproject\electromagnetismproject\electromagnetismprojectcomp\renderer.cpp(45): warning C4305: 'argument' : truncation from 'double' to 'float'
c:\users\patrick\documents\visual studio 2013\projects\electromagnetismproject\electromagnetismproject\electromagnetismprojectcomp\renderer.cpp(48): warning C4305: 'argument' : truncation from 'double' to 'float'
c:\users\patrick\documents\visual studio 2013\projects\electromagnetismproject\electromagnetismproject\electromagnetismprojectcomp\renderer.cpp(53): warning C4305: 'argument' : truncation from 'double' to 'float'
c:\users\patrick\documents\visual studio 2013\projects\electromagnetismproject\electromagnetismproject\electromagnetismprojectcomp\renderer.cpp(55): warning C4305: 'argument' : truncation from 'double' to 'float'
c:\users\patrick\documents\visual studio 2013\projects\electromagnetismproject\electromagnetismproject\electromagnetismprojectcomp\renderer.cpp(62): warning C4305: 'argument' : truncation from 'double' to 'float'
c:\users\patrick\documents\visual studio 2013\projects\electromagnetismproject\electromagnetismproject\electromagnetismprojectcomp\renderer.cpp(77): warning C4305: 'initializing' : truncation from 'double' to 'float'
c:\users\patrick\documents\visual studio 2013\projects\electromagnetismproject\electromagnetismproject\electromagnetismprojectcomp\slider.cpp(48): warning C4715: 'Slider::calculateDivot' : not all control paths return a value
  VectorCell.cpp
c:\users\patrick\documents\visual studio 2013\projects\electromagnetismproject\electromagnetismproject\electromagnetismprojectcomp\renderer.cpp(121): warning C4305: 'initializing' : truncation from 'double' to 'const float'
c:\users\patrick\documents\visual studio 2013\projects\electromagnetismproject\electromagnetismproject\electromagnetismprojectcomp\vectorboard.cpp(19): warning C4305: 'argument' : truncation from 'double' to 'float'
c:\users\patrick\documents\visual studio 2013\projects\electromagnetismproject\electromagnetismproject\electromagnetismprojectcomp\vectorboard.cpp(28): warning C4018: '<' : signed/unsigned mismatch
c:\users\patrick\documents\visual studio 2013\projects\electromagnetismproject\electromagnetismproject\electromagnetismprojectcomp\vectorboard.cpp(29): warning C4018: '<' : signed/unsigned mismatch
c:\users\patrick\documents\visual studio 2013\projects\electromagnetismproject\electromagnetismproject\electromagnetismprojectcomp\vectorboard.cpp(38): warning C4018: '<' : signed/unsigned mismatch
c:\users\patrick\documents\visual studio 2013\projects\electromagnetismproject\electromagnetismproject\electromagnetismprojectcomp\vectorboard.cpp(39): warning C4018: '<' : signed/unsigned mismatch
c:\users\patrick\documents\visual studio 2013\projects\electromagnetismproject\electromagnetismproject\electromagnetismprojectcomp\vectorboard.cpp(47): warning C4018: '<' : signed/unsigned mismatch
c:\users\patrick\documents\visual studio 2013\projects\electromagnetismproject\electromagnetismproject\electromagnetismprojectcomp\vectorboard.cpp(48): warning C4018: '<' : signed/unsigned mismatch
c:\users\patrick\documents\visual studio 2013\projects\electromagnetismproject\electromagnetismproject\electromagnetismprojectcomp\vectorboard.cpp(61): warning C4244: 'initializing' : conversion from 'float' to 'int', possible loss of data
c:\users\patrick\documents\visual studio 2013\projects\electromagnetismproject\electromagnetismproject\electromagnetismprojectcomp\vectorboard.cpp(62): warning C4018: '<' : signed/unsigned mismatch
c:\users\patrick\documents\visual studio 2013\projects\electromagnetismproject\electromagnetismproject\electromagnetismprojectcomp\vectorboard.cpp(64): warning C4244: 'initializing' : conversion from 'float' to 'int', possible loss of data
c:\users\patrick\documents\visual studio 2013\projects\electromagnetismproject\electromagnetismproject\electromagnetismprojectcomp\vectorboard.cpp(66): warning C4018: '<' : signed/unsigned mismatch
c:\users\patrick\documents\visual studio 2013\projects\electromagnetismproject\electromagnetismproject\electromagnetismprojectcomp\vectorboard.cpp(72): warning C4018: '>' : signed/unsigned mismatch
c:\users\patrick\documents\visual studio 2013\projects\electromagnetismproject\electromagnetismproject\electromagnetismprojectcomp\vectorboard.cpp(73): warning C4018: '>' : signed/unsigned mismatch
c:\users\patrick\documents\visual studio 2013\projects\electromagnetismproject\electromagnetismproject\electromagnetismprojectcomp\vectorcell.cpp(28): warning C4244: 'initializing' : conversion from 'double' to 'float', possible loss of data
c:\users\patrick\documents\visual studio 2013\projects\electromagnetismproject\electromagnetismproject\electromagnetismprojectcomp\vectorboard.cpp(100): warning C4018: '<' : signed/unsigned mismatch
c:\users\patrick\documents\visual studio 2013\projects\electromagnetismproject\electromagnetismproject\electromagnetismprojectcomp\vectorboard.cpp(101): warning C4018: '<' : signed/unsigned mismatch
     Creating library C:\Users\patrick\Documents\Visual Studio 2013\Projects\ElectromagnetismProject\Debug\ElectromagnetismProjectComp\ElectromagnetismProjectComp.lib and object C:\Users\patrick\Documents\Visual Studio 2013\Projects\ElectromagnetismProject\Debug\ElectromagnetismProjectComp\ElectromagnetismProjectComp.exp
  ElectromagnetismProjectComp.vcxproj -> C:\Users\patrick\Documents\Visual Studio 2013\Projects\ElectromagnetismProject\Debug\ElectromagnetismProjectComp\ElectromagnetismProjectComp.dll
