c:\users\patrick\documents\visual studio 2013\projects\electromagnetismproject\electromagnetismproject\electromagnetismprojectcomp\debug\electromagnetismprojectcomp.pch
c:\users\patrick\documents\visual studio 2013\projects\electromagnetismproject\electromagnetismproject\electromagnetismprojectcomp\debug\pch.obj
c:\users\patrick\documents\visual studio 2013\projects\electromagnetismproject\electromagnetismproject\electromagnetismprojectcomp\debug\vc110.pdb
c:\users\patrick\documents\visual studio 2013\projects\electromagnetismproject\electromagnetismproject\electromagnetismprojectcomp\debug\direct3dbase.obj
c:\users\patrick\documents\visual studio 2013\projects\electromagnetismproject\electromagnetismproject\electromagnetismprojectcomp\debug\direct3dcontentprovider.obj
c:\users\patrick\documents\visual studio 2013\projects\electromagnetismproject\electromagnetismproject\electromagnetismprojectcomp\debug\cuberenderer.obj
c:\users\patrick\documents\visual studio 2013\projects\electromagnetismproject\electromagnetismproject\electromagnetismprojectcomp\debug\direct3dinterop.obj
c:\users\patrick\documents\visual studio 2013\projects\electromagnetismproject\debug\electromagnetismprojectcomp\simplepixelshader.cso
c:\users\patrick\documents\visual studio 2013\projects\electromagnetismproject\debug\electromagnetismprojectcomp\simplevertexshader.cso
c:\users\patrick\documents\visual studio 2013\projects\electromagnetismproject\debug\electromagnetismprojectcomp\electromagnetismprojectcomp.lib
c:\users\patrick\documents\visual studio 2013\projects\electromagnetismproject\debug\electromagnetismprojectcomp\electromagnetismprojectcomp.exp
c:\users\patrick\documents\visual studio 2013\projects\electromagnetismproject\debug\electromagnetismprojectcomp\electromagnetismprojectcomp.ilk
c:\users\patrick\documents\visual studio 2013\projects\electromagnetismproject\debug\electromagnetismprojectcomp\electromagnetismprojectcomp.dll
c:\users\patrick\documents\visual studio 2013\projects\electromagnetismproject\debug\electromagnetismprojectcomp\electromagnetismprojectcomp.winmd
c:\users\patrick\documents\visual studio 2013\projects\electromagnetismproject\debug\electromagnetismprojectcomp\electromagnetismprojectcomp.pdb
c:\users\patrick\documents\visual studio 2013\projects\electromagnetismproject\electromagnetismproject\electromagnetismprojectcomp\debug\electromagnetismprojectcomp.vcxprojresolveassemblyreference.cache
c:\users\patrick\documents\visual studio 2013\projects\electromagnetismproject\electromagnetismproject\electromagnetismprojectcomp\debug\cl.16620.read.1.tlog
c:\users\patrick\documents\visual studio 2013\projects\electromagnetismproject\electromagnetismproject\electromagnetismprojectcomp\debug\cl.16620.write.1.tlog
c:\users\patrick\documents\visual studio 2013\projects\electromagnetismproject\electromagnetismproject\electromagnetismprojectcomp\debug\cl.17060.read.1.tlog
c:\users\patrick\documents\visual studio 2013\projects\electromagnetismproject\electromagnetismproject\electromagnetismprojectcomp\debug\cl.17060.write.1.tlog
c:\users\patrick\documents\visual studio 2013\projects\electromagnetismproject\electromagnetismproject\electromagnetismprojectcomp\debug\cl.3968.read.1.tlog
c:\users\patrick\documents\visual studio 2013\projects\electromagnetismproject\electromagnetismproject\electromagnetismprojectcomp\debug\cl.3968.write.1.tlog
c:\users\patrick\documents\visual studio 2013\projects\electromagnetismproject\electromagnetismproject\electromagnetismprojectcomp\debug\cl.9436.read.1.tlog
c:\users\patrick\documents\visual studio 2013\projects\electromagnetismproject\electromagnetismproject\electromagnetismprojectcomp\debug\cl.9436.write.1.tlog
c:\users\patrick\documents\visual studio 2013\projects\electromagnetismproject\electromagnetismproject\electromagnetismprojectcomp\debug\cl.command.1.tlog
c:\users\patrick\documents\visual studio 2013\projects\electromagnetismproject\electromagnetismproject\electromagnetismprojectcomp\debug\cl.read.1.tlog
c:\users\patrick\documents\visual studio 2013\projects\electromagnetismproject\electromagnetismproject\electromagnetismprojectcomp\debug\cl.write.1.tlog
c:\users\patrick\documents\visual studio 2013\projects\electromagnetismproject\electromagnetismproject\electromagnetismprojectcomp\debug\electromagnetismprojectcomp.write.1.tlog
c:\users\patrick\documents\visual studio 2013\projects\electromagnetismproject\electromagnetismproject\electromagnetismprojectcomp\debug\fxc.command.1.tlog
c:\users\patrick\documents\visual studio 2013\projects\electromagnetismproject\electromagnetismproject\electromagnetismprojectcomp\debug\fxc.read.1.tlog
c:\users\patrick\documents\visual studio 2013\projects\electromagnetismproject\electromagnetismproject\electromagnetismprojectcomp\debug\fxc.write.1.tlog
c:\users\patrick\documents\visual studio 2013\projects\electromagnetismproject\electromagnetismproject\electromagnetismprojectcomp\debug\link.command.1.tlog
c:\users\patrick\documents\visual studio 2013\projects\electromagnetismproject\electromagnetismproject\electromagnetismprojectcomp\debug\link.read.1.tlog
c:\users\patrick\documents\visual studio 2013\projects\electromagnetismproject\electromagnetismproject\electromagnetismprojectcomp\debug\link.write.1.tlog
c:\users\patrick\documents\visual studio 2013\projects\electromagnetismproject\electromagnetismproject\electromagnetismprojectcomp\debug\vc110.idb
